<?xml version="1.0" encoding="UTF-8"?>
<!-- Generated by org.testng.reporters.JUnitReportReporter -->
<testsuite skipped="0" hostname="Saumya-PC" name="com.gps.qa.testcases.LoginPageTest" tests="1" failures="0" timestamp="24 Jul 2019 06:42:35 GMT" time="19.815" errors="0">
  <testcase name="loginTest" time="19.815" classname="com.gps.qa.testcases.LoginPageTest"/>
</testsuite> <!-- com.gps.qa.testcases.LoginPageTest -->
