<?xml version="1.0" encoding="UTF-8"?>
<!-- Generated by org.testng.reporters.JUnitReportReporter -->
<testsuite skipped="0" hostname="Saumya-PC" name="com.gps.qa.testcases.GoalPageTest" tests="6" failures="0" timestamp="24 Jul 2019 06:42:35 GMT" time="65.012" errors="0">
  <testcase name="titleValidationTest" time="10.479" classname="com.gps.qa.testcases.GoalPageTest"/>
  <testcase name="goalCheckTest" time="11.035" classname="com.gps.qa.testcases.GoalPageTest"/>
  <testcase name="updateGoalTest" time="10.151" classname="com.gps.qa.testcases.GoalPageTest"/>
  <testcase name="userTest" time="10.345" classname="com.gps.qa.testcases.GoalPageTest"/>
  <testcase name="addingGoalTest" time="11.442" classname="com.gps.qa.testcases.GoalPageTest"/>
  <testcase name="addingGoalTest" time="11.560" classname="com.gps.qa.testcases.GoalPageTest"/>
</testsuite> <!-- com.gps.qa.testcases.GoalPageTest -->
